<?xml version="1.0" encoding="UTF-8"?>
<!-- Generated by org.testng.reporters.JUnitReportReporter -->
<testsuite hostname="LAPTOP-J64VV9VG" failures="0" tests="3" name="piit.AutomationTrainingProgram.Browsersd" time="12.262" errors="0" timestamp="2022-05-10T22:31:49 EDT" skipped="0">
  <testcase classname="piit.AutomationTrainingProgram.Browsersd" name="f" time="8.814"/>
  <system-out/>
  <testcase classname="piit.AutomationTrainingProgram.Browsersd" name="f" time="1.247"/>
  <system-out/>
  <testcase classname="piit.AutomationTrainingProgram.Browsersd" name="f" time="2.201"/>
  <system-out/>
</testsuite> <!-- piit.AutomationTrainingProgram.Browsersd -->
