<?xml version="1.0" encoding="UTF-8"?>
<!-- Generated by org.testng.reporters.JUnitReportReporter -->
<testsuite hostname="LAPTOP-J64VV9VG" failures="0" tests="6" name="piit.AutomationTrainingProgram.Execution" time="0.062" errors="0" timestamp="2022-05-10T22:31:49 EDT" skipped="0">
  <testcase classname="piit.AutomationTrainingProgram.Execution" name="f" time="0.008"/>
  <system-out/>
  <testcase classname="piit.AutomationTrainingProgram.Execution" name="Test2" time="0.015"/>
  <system-out/>
  <testcase classname="piit.AutomationTrainingProgram.Execution" name="Test2" time="0.014"/>
  <system-out/>
  <testcase classname="piit.AutomationTrainingProgram.Execution" name="f" time="0.007"/>
  <system-out/>
  <testcase classname="piit.AutomationTrainingProgram.Execution" name="f" time="0.007"/>
  <system-out/>
  <testcase classname="piit.AutomationTrainingProgram.Execution" name="Test2" time="0.011"/>
  <system-out/>
</testsuite> <!-- piit.AutomationTrainingProgram.Execution -->
